  Application.cpp
LINK : warning LNK4098: Standardbibliothek "MSVCRTD" steht in Konflikt mit anderen Bibliotheken; /NODEFAULTLIB:Bibliothek verwenden.
  Code wird generiert.
  95 of 2236 functions ( 4.2%) were compiled, the rest were copied from previous compilation.
    25 functions were new in current compilation
    77 functions had inline decision re-evaluated but remain unchanged
  Codegenerierung ist abgeschlossen.
glfw3.lib(context.obj) : warning LNK4099: PDB "glfw.pdb" wurde nicht mit "glfw3.lib(context.obj)" oder an "C:\Users\Flo\Documents\BachelorThesis\Bachelor_Demo_EC\Bachelor_Demo_EC\EC_Demo\x64\Release\glfw.pdb" gefunden; Objekt wird verknüpft, als ob keine Debuginformationen vorhanden wären.
glfw3.lib(init.obj) : warning LNK4099: PDB "glfw.pdb" wurde nicht mit "glfw3.lib(init.obj)" oder an "C:\Users\Flo\Documents\BachelorThesis\Bachelor_Demo_EC\Bachelor_Demo_EC\EC_Demo\x64\Release\glfw.pdb" gefunden; Objekt wird verknüpft, als ob keine Debuginformationen vorhanden wären.
glfw3.lib(input.obj) : warning LNK4099: PDB "glfw.pdb" wurde nicht mit "glfw3.lib(input.obj)" oder an "C:\Users\Flo\Documents\BachelorThesis\Bachelor_Demo_EC\Bachelor_Demo_EC\EC_Demo\x64\Release\glfw.pdb" gefunden; Objekt wird verknüpft, als ob keine Debuginformationen vorhanden wären.
glfw3.lib(monitor.obj) : warning LNK4099: PDB "glfw.pdb" wurde nicht mit "glfw3.lib(monitor.obj)" oder an "C:\Users\Flo\Documents\BachelorThesis\Bachelor_Demo_EC\Bachelor_Demo_EC\EC_Demo\x64\Release\glfw.pdb" gefunden; Objekt wird verknüpft, als ob keine Debuginformationen vorhanden wären.
glfw3.lib(vulkan.obj) : warning LNK4099: PDB "glfw.pdb" wurde nicht mit "glfw3.lib(vulkan.obj)" oder an "C:\Users\Flo\Documents\BachelorThesis\Bachelor_Demo_EC\Bachelor_Demo_EC\EC_Demo\x64\Release\glfw.pdb" gefunden; Objekt wird verknüpft, als ob keine Debuginformationen vorhanden wären.
glfw3.lib(window.obj) : warning LNK4099: PDB "glfw.pdb" wurde nicht mit "glfw3.lib(window.obj)" oder an "C:\Users\Flo\Documents\BachelorThesis\Bachelor_Demo_EC\Bachelor_Demo_EC\EC_Demo\x64\Release\glfw.pdb" gefunden; Objekt wird verknüpft, als ob keine Debuginformationen vorhanden wären.
glfw3.lib(win32_init.obj) : warning LNK4099: PDB "glfw.pdb" wurde nicht mit "glfw3.lib(win32_init.obj)" oder an "C:\Users\Flo\Documents\BachelorThesis\Bachelor_Demo_EC\Bachelor_Demo_EC\EC_Demo\x64\Release\glfw.pdb" gefunden; Objekt wird verknüpft, als ob keine Debuginformationen vorhanden wären.
glfw3.lib(win32_joystick.obj) : warning LNK4099: PDB "glfw.pdb" wurde nicht mit "glfw3.lib(win32_joystick.obj)" oder an "C:\Users\Flo\Documents\BachelorThesis\Bachelor_Demo_EC\Bachelor_Demo_EC\EC_Demo\x64\Release\glfw.pdb" gefunden; Objekt wird verknüpft, als ob keine Debuginformationen vorhanden wären.
glfw3.lib(win32_monitor.obj) : warning LNK4099: PDB "glfw.pdb" wurde nicht mit "glfw3.lib(win32_monitor.obj)" oder an "C:\Users\Flo\Documents\BachelorThesis\Bachelor_Demo_EC\Bachelor_Demo_EC\EC_Demo\x64\Release\glfw.pdb" gefunden; Objekt wird verknüpft, als ob keine Debuginformationen vorhanden wären.
glfw3.lib(win32_time.obj) : warning LNK4099: PDB "glfw.pdb" wurde nicht mit "glfw3.lib(win32_time.obj)" oder an "C:\Users\Flo\Documents\BachelorThesis\Bachelor_Demo_EC\Bachelor_Demo_EC\EC_Demo\x64\Release\glfw.pdb" gefunden; Objekt wird verknüpft, als ob keine Debuginformationen vorhanden wären.
glfw3.lib(win32_tls.obj) : warning LNK4099: PDB "glfw.pdb" wurde nicht mit "glfw3.lib(win32_tls.obj)" oder an "C:\Users\Flo\Documents\BachelorThesis\Bachelor_Demo_EC\Bachelor_Demo_EC\EC_Demo\x64\Release\glfw.pdb" gefunden; Objekt wird verknüpft, als ob keine Debuginformationen vorhanden wären.
glfw3.lib(win32_window.obj) : warning LNK4099: PDB "glfw.pdb" wurde nicht mit "glfw3.lib(win32_window.obj)" oder an "C:\Users\Flo\Documents\BachelorThesis\Bachelor_Demo_EC\Bachelor_Demo_EC\EC_Demo\x64\Release\glfw.pdb" gefunden; Objekt wird verknüpft, als ob keine Debuginformationen vorhanden wären.
glfw3.lib(wgl_context.obj) : warning LNK4099: PDB "glfw.pdb" wurde nicht mit "glfw3.lib(wgl_context.obj)" oder an "C:\Users\Flo\Documents\BachelorThesis\Bachelor_Demo_EC\Bachelor_Demo_EC\EC_Demo\x64\Release\glfw.pdb" gefunden; Objekt wird verknüpft, als ob keine Debuginformationen vorhanden wären.
glfw3.lib(egl_context.obj) : warning LNK4099: PDB "glfw.pdb" wurde nicht mit "glfw3.lib(egl_context.obj)" oder an "C:\Users\Flo\Documents\BachelorThesis\Bachelor_Demo_EC\Bachelor_Demo_EC\EC_Demo\x64\Release\glfw.pdb" gefunden; Objekt wird verknüpft, als ob keine Debuginformationen vorhanden wären.
  EC_Demo.vcxproj -> C:\Users\Flo\Documents\BachelorThesis\Bachelor_Demo_EC\Bachelor_Demo_EC\EC_Demo\x64\Release\EC_Demo.exe
